<?xml version="1.0" encoding="UTF-8"?>
<!-- Generated by org.testng.reporters.JUnitXMLReporter -->
<testsuite ignored="0" hostname="DESKTOP-EUH2O3V" failures="0" tests="4" name="Default test" time="92.562" errors="0" timestamp="2023-11-16T22:10:35 IST">
  <testcase classname="com.ninjademo.qa.TestPages.TestRegisterPage" name="RegisterUser" time="4.398"/>
  <testcase classname="com.ninjademo.qa.TestPages.TestRegisterPage" name="RegisterUser" time="4.628"/>
  <testcase classname="com.ninjademo.qa.TestPages.TestRegisterPage" name="RegisterUser" time="6.084"/>
  <testcase classname="com.ninjademo.qa.TestPages.TestRegisterPage" name="RegisterUser" time="4.323"/>
</testsuite> <!-- Default test -->
