<?xml version="1.0" encoding="UTF-8"?>
<testng-results ignored="3" total="9" passed="6" failed="0" skipped="0">
  <reporter-output>
  </reporter-output>
  <suite started-at="2023-11-16T22:36:22 IST" name="test1" finished-at="2023-11-16T22:37:08 IST" duration-ms="45612">
    <groups>
    </groups>
    <test started-at="2023-11-16T22:36:22 IST" name="POMFramework" finished-at="2023-11-16T22:37:08 IST" duration-ms="45612">
      <class name="com.ninjademo.qa.TestPages.HomePageTest">
        <test-method is-config="true" signature="InitalizeExtentReport()[pri:0, instance:com.ninjademo.qa.TestPages.HomePageTest@7ce69770]" started-at="2023-11-16T22:36:22 IST" name="InitalizeExtentReport" finished-at="2023-11-16T22:36:22 IST" duration-ms="285" status="PASS">
          <reporter-output>
          </reporter-output>
        </test-method> <!-- InitalizeExtentReport -->
        <test-method is-config="true" signature="getnameMethod(org.testng.ITestContext)[pri:0, instance:com.ninjademo.qa.TestPages.HomePageTest@7ce69770]" started-at="2023-11-16T22:36:22 IST" name="getnameMethod" finished-at="2023-11-16T22:36:22 IST" duration-ms="9" status="PASS">
          <params>
            <param index="0">
              <value>
                <![CDATA[org.testng.TestRunner@37fef327]]>
              </value>
            </param>
          </params>
          <reporter-output>
          </reporter-output>
        </test-method> <!-- getnameMethod -->
        <test-method is-config="true" signature="OpenApp()[pri:0, instance:com.ninjademo.qa.TestPages.HomePageTest@7ce69770]" started-at="2023-11-16T22:36:22 IST" name="OpenApp" finished-at="2023-11-16T22:36:27 IST" duration-ms="4742" status="PASS">
          <reporter-output>
          </reporter-output>
        </test-method> <!-- OpenApp -->
        <test-method signature="clickOnRegisterPage()[pri:49, instance:com.ninjademo.qa.TestPages.HomePageTest@7ce69770]" started-at="2023-11-16T22:36:27 IST" name="clickOnRegisterPage" finished-at="2023-11-16T22:36:34 IST" duration-ms="6786" status="PASS">
          <reporter-output>
          </reporter-output>
        </test-method> <!-- clickOnRegisterPage -->
        <test-method is-config="true" signature="generateTestStatus(java.lang.reflect.Method,org.testng.ITestResult)[pri:0, instance:com.ninjademo.qa.TestPages.HomePageTest@7ce69770]" started-at="2023-11-16T22:36:34 IST" name="generateTestStatus" finished-at="2023-11-16T22:36:34 IST" duration-ms="13" status="PASS">
          <params>
            <param index="0">
              <value>
                <![CDATA[public void com.ninjademo.qa.TestPages.HomePageTest.clickOnRegisterPage() throws java.lang.InterruptedException]]>
              </value>
            </param>
            <param index="1">
              <value>
                <![CDATA[[TestResult name=clickOnRegisterPage status=SUCCESS method=HomePageTest.clickOnRegisterPage()[pri:49, instance:com.ninjademo.qa.TestPages.HomePageTest@7ce69770] output={null}]]]>
              </value>
            </param>
          </params>
          <reporter-output>
          </reporter-output>
        </test-method> <!-- generateTestStatus -->
        <test-method signature="clickOnLogin()[pri:50, instance:com.ninjademo.qa.TestPages.HomePageTest@7ce69770]" started-at="2023-11-16T22:36:34 IST" name="clickOnLogin" finished-at="2023-11-16T22:36:40 IST" duration-ms="6432" status="PASS">
          <reporter-output>
          </reporter-output>
        </test-method> <!-- clickOnLogin -->
        <test-method is-config="true" signature="generateTestStatus(java.lang.reflect.Method,org.testng.ITestResult)[pri:0, instance:com.ninjademo.qa.TestPages.HomePageTest@7ce69770]" started-at="2023-11-16T22:36:40 IST" name="generateTestStatus" finished-at="2023-11-16T22:36:40 IST" duration-ms="1" status="PASS">
          <params>
            <param index="0">
              <value>
                <![CDATA[public void com.ninjademo.qa.TestPages.HomePageTest.clickOnLogin() throws java.lang.InterruptedException]]>
              </value>
            </param>
            <param index="1">
              <value>
                <![CDATA[[TestResult name=clickOnLogin status=SUCCESS method=HomePageTest.clickOnLogin()[pri:50, instance:com.ninjademo.qa.TestPages.HomePageTest@7ce69770] output={null}]]]>
              </value>
            </param>
          </params>
          <reporter-output>
          </reporter-output>
        </test-method> <!-- generateTestStatus -->
        <test-method is-config="true" signature="CloseApp()[pri:0, instance:com.ninjademo.qa.TestPages.HomePageTest@7ce69770]" started-at="2023-11-16T22:36:40 IST" name="CloseApp" finished-at="2023-11-16T22:36:41 IST" duration-ms="289" status="PASS">
          <reporter-output>
          </reporter-output>
        </test-method> <!-- CloseApp -->
        <test-method is-config="true" signature="generateReports()[pri:0, instance:com.ninjademo.qa.TestPages.HomePageTest@7ce69770]" started-at="2023-11-16T22:37:08 IST" name="generateReports" finished-at="2023-11-16T22:37:09 IST" duration-ms="1160" status="PASS">
          <reporter-output>
          </reporter-output>
        </test-method> <!-- generateReports -->
      </class> <!-- com.ninjademo.qa.TestPages.HomePageTest -->
      <class name="com.ninjademo.qa.TestPages.TestRegisterPage">
        <test-method is-config="true" signature="openApplication()[pri:0, instance:com.ninjademo.qa.TestPages.TestRegisterPage@31ea9581]" started-at="2023-11-16T22:36:42 IST" name="openApplication" finished-at="2023-11-16T22:36:45 IST" duration-ms="3157" status="PASS">
          <reporter-output>
          </reporter-output>
        </test-method> <!-- openApplication -->
        <test-method signature="RegisterUser(java.lang.String,java.lang.String,java.lang.String,java.lang.String,java.lang.String,java.lang.String)[pri:49, instance:com.ninjademo.qa.TestPages.TestRegisterPage@31ea9581]" started-at="2023-11-16T22:36:45 IST" name="RegisterUser" data-provider="testdata" finished-at="2023-11-16T22:36:47 IST" duration-ms="2111" status="PASS">
          <params>
            <param index="0">
              <value>
                <![CDATA[John]]>
              </value>
            </param>
            <param index="1">
              <value>
                <![CDATA[Donald]]>
              </value>
            </param>
            <param index="2">
              <value>
                <![CDATA[john.d1@demogmail.com]]>
              </value>
            </param>
            <param index="3">
              <value>
                <![CDATA[2.233445566E9]]>
              </value>
            </param>
            <param index="4">
              <value>
                <![CDATA[12345.0]]>
              </value>
            </param>
            <param index="5">
              <value>
                <![CDATA[12345.0]]>
              </value>
            </param>
          </params>
          <reporter-output>
          </reporter-output>
        </test-method> <!-- RegisterUser -->
        <test-method is-config="true" signature="generateTestStatus(java.lang.reflect.Method,org.testng.ITestResult)[pri:0, instance:com.ninjademo.qa.TestPages.TestRegisterPage@31ea9581]" started-at="2023-11-16T22:36:47 IST" name="generateTestStatus" finished-at="2023-11-16T22:36:47 IST" duration-ms="1" status="PASS">
          <params>
            <param index="0">
              <value>
                <![CDATA[public void com.ninjademo.qa.TestPages.TestRegisterPage.RegisterUser(java.lang.String,java.lang.String,java.lang.String,java.lang.String,java.lang.String,java.lang.String)]]>
              </value>
            </param>
            <param index="1">
              <value>
                <![CDATA[[TestResult name=RegisterUser status=SUCCESS method=TestRegisterPage.RegisterUser(java.lang.String,java.lang.String,java.lang.String,java.lang.String,java.lang.String,java.lang.String)[pri:49, instance:com.ninjademo.qa.TestPages.TestRegisterPage@31ea9581] output={null}]]]>
              </value>
            </param>
          </params>
          <reporter-output>
          </reporter-output>
        </test-method> <!-- generateTestStatus -->
        <test-method is-config="true" signature="openApplication()[pri:0, instance:com.ninjademo.qa.TestPages.TestRegisterPage@31ea9581]" started-at="2023-11-16T22:36:47 IST" name="openApplication" finished-at="2023-11-16T22:36:51 IST" duration-ms="4475" status="PASS">
          <reporter-output>
          </reporter-output>
        </test-method> <!-- openApplication -->
        <test-method signature="RegisterUser(java.lang.String,java.lang.String,java.lang.String,java.lang.String,java.lang.String,java.lang.String)[pri:49, instance:com.ninjademo.qa.TestPages.TestRegisterPage@31ea9581]" started-at="2023-11-16T22:36:51 IST" name="RegisterUser" data-provider="testdata" finished-at="2023-11-16T22:36:54 IST" duration-ms="2516" status="PASS">
          <params>
            <param index="0">
              <value>
                <![CDATA[Ravi]]>
              </value>
            </param>
            <param index="1">
              <value>
                <![CDATA[Sharme]]>
              </value>
            </param>
            <param index="2">
              <value>
                <![CDATA[ravi.s12@demogmail.com]]>
              </value>
            </param>
            <param index="3">
              <value>
                <![CDATA[2.233445577E9]]>
              </value>
            </param>
            <param index="4">
              <value>
                <![CDATA[123456.0]]>
              </value>
            </param>
            <param index="5">
              <value>
                <![CDATA[123456.0]]>
              </value>
            </param>
          </params>
          <reporter-output>
          </reporter-output>
        </test-method> <!-- RegisterUser -->
        <test-method is-config="true" signature="generateTestStatus(java.lang.reflect.Method,org.testng.ITestResult)[pri:0, instance:com.ninjademo.qa.TestPages.TestRegisterPage@31ea9581]" started-at="2023-11-16T22:36:54 IST" name="generateTestStatus" finished-at="2023-11-16T22:36:54 IST" duration-ms="1" status="PASS">
          <params>
            <param index="0">
              <value>
                <![CDATA[public void com.ninjademo.qa.TestPages.TestRegisterPage.RegisterUser(java.lang.String,java.lang.String,java.lang.String,java.lang.String,java.lang.String,java.lang.String)]]>
              </value>
            </param>
            <param index="1">
              <value>
                <![CDATA[[TestResult name=RegisterUser status=SUCCESS method=TestRegisterPage.RegisterUser(java.lang.String,java.lang.String,java.lang.String,java.lang.String,java.lang.String,java.lang.String)[pri:49, instance:com.ninjademo.qa.TestPages.TestRegisterPage@31ea9581] output={null}]]]>
              </value>
            </param>
          </params>
          <reporter-output>
          </reporter-output>
        </test-method> <!-- generateTestStatus -->
        <test-method is-config="true" signature="openApplication()[pri:0, instance:com.ninjademo.qa.TestPages.TestRegisterPage@31ea9581]" started-at="2023-11-16T22:36:54 IST" name="openApplication" finished-at="2023-11-16T22:36:58 IST" duration-ms="4028" status="PASS">
          <reporter-output>
          </reporter-output>
        </test-method> <!-- openApplication -->
        <test-method signature="RegisterUser(java.lang.String,java.lang.String,java.lang.String,java.lang.String,java.lang.String,java.lang.String)[pri:49, instance:com.ninjademo.qa.TestPages.TestRegisterPage@31ea9581]" started-at="2023-11-16T22:36:58 IST" name="RegisterUser" data-provider="testdata" finished-at="2023-11-16T22:37:01 IST" duration-ms="2583" status="PASS">
          <params>
            <param index="0">
              <value>
                <![CDATA[John]]>
              </value>
            </param>
            <param index="1">
              <value>
                <![CDATA[Donalda]]>
              </value>
            </param>
            <param index="2">
              <value>
                <![CDATA[john.d13@demogmail.com]]>
              </value>
            </param>
            <param index="3">
              <value>
                <![CDATA[2.233445588E9]]>
              </value>
            </param>
            <param index="4">
              <value>
                <![CDATA[234567.0]]>
              </value>
            </param>
            <param index="5">
              <value>
                <![CDATA[234567.0]]>
              </value>
            </param>
          </params>
          <reporter-output>
          </reporter-output>
        </test-method> <!-- RegisterUser -->
        <test-method is-config="true" signature="generateTestStatus(java.lang.reflect.Method,org.testng.ITestResult)[pri:0, instance:com.ninjademo.qa.TestPages.TestRegisterPage@31ea9581]" started-at="2023-11-16T22:37:01 IST" name="generateTestStatus" finished-at="2023-11-16T22:37:01 IST" duration-ms="0" status="PASS">
          <params>
            <param index="0">
              <value>
                <![CDATA[public void com.ninjademo.qa.TestPages.TestRegisterPage.RegisterUser(java.lang.String,java.lang.String,java.lang.String,java.lang.String,java.lang.String,java.lang.String)]]>
              </value>
            </param>
            <param index="1">
              <value>
                <![CDATA[[TestResult name=RegisterUser status=SUCCESS method=TestRegisterPage.RegisterUser(java.lang.String,java.lang.String,java.lang.String,java.lang.String,java.lang.String,java.lang.String)[pri:49, instance:com.ninjademo.qa.TestPages.TestRegisterPage@31ea9581] output={null}]]]>
              </value>
            </param>
          </params>
          <reporter-output>
          </reporter-output>
        </test-method> <!-- generateTestStatus -->
        <test-method is-config="true" signature="openApplication()[pri:0, instance:com.ninjademo.qa.TestPages.TestRegisterPage@31ea9581]" started-at="2023-11-16T22:37:01 IST" name="openApplication" finished-at="2023-11-16T22:37:06 IST" duration-ms="5190" status="PASS">
          <reporter-output>
          </reporter-output>
        </test-method> <!-- openApplication -->
        <test-method signature="RegisterUser(java.lang.String,java.lang.String,java.lang.String,java.lang.String,java.lang.String,java.lang.String)[pri:49, instance:com.ninjademo.qa.TestPages.TestRegisterPage@31ea9581]" started-at="2023-11-16T22:37:06 IST" name="RegisterUser" data-provider="testdata" finished-at="2023-11-16T22:37:08 IST" duration-ms="2134" status="PASS">
          <params>
            <param index="0">
              <value>
                <![CDATA[Ravi]]>
              </value>
            </param>
            <param index="1">
              <value>
                <![CDATA[Sharma]]>
              </value>
            </param>
            <param index="2">
              <value>
                <![CDATA[ravi.s1@demogmail.com]]>
              </value>
            </param>
            <param index="3">
              <value>
                <![CDATA[2.233445599E9]]>
              </value>
            </param>
            <param index="4">
              <value>
                <![CDATA[345678.0]]>
              </value>
            </param>
            <param index="5">
              <value>
                <![CDATA[345678.0]]>
              </value>
            </param>
          </params>
          <reporter-output>
          </reporter-output>
        </test-method> <!-- RegisterUser -->
        <test-method is-config="true" signature="generateTestStatus(java.lang.reflect.Method,org.testng.ITestResult)[pri:0, instance:com.ninjademo.qa.TestPages.TestRegisterPage@31ea9581]" started-at="2023-11-16T22:37:08 IST" name="generateTestStatus" finished-at="2023-11-16T22:37:08 IST" duration-ms="0" status="PASS">
          <params>
            <param index="0">
              <value>
                <![CDATA[public void com.ninjademo.qa.TestPages.TestRegisterPage.RegisterUser(java.lang.String,java.lang.String,java.lang.String,java.lang.String,java.lang.String,java.lang.String)]]>
              </value>
            </param>
            <param index="1">
              <value>
                <![CDATA[[TestResult name=RegisterUser status=SUCCESS method=TestRegisterPage.RegisterUser(java.lang.String,java.lang.String,java.lang.String,java.lang.String,java.lang.String,java.lang.String)[pri:49, instance:com.ninjademo.qa.TestPages.TestRegisterPage@31ea9581] output={null}]]]>
              </value>
            </param>
          </params>
          <reporter-output>
          </reporter-output>
        </test-method> <!-- generateTestStatus -->
      </class> <!-- com.ninjademo.qa.TestPages.TestRegisterPage -->
    </test> <!-- POMFramework -->
  </suite> <!-- test1 -->
</testng-results>
